2026-02-26 16:23:59,295 INFO    Thread-42 (_run_job):22356 [wandb_setup.py:_flush():81] Current SDK version is 0.25.0
2026-02-26 16:23:59,295 INFO    Thread-42 (_run_job):22356 [wandb_setup.py:_flush():81] Configure stats pid to 22356
2026-02-26 16:23:59,295 INFO    Thread-42 (_run_job):22356 [wandb_setup.py:_flush():81] Loading settings from environment variables
2026-02-26 16:23:59,295 INFO    Thread-42 (_run_job):22356 [wandb_init.py:setup_run_log_directory():717] Logging user logs to C:\Users\Ganga Sharan\OneDrive\Desktop\dl_project\Multi-Layer-Perceptron-for-Image-Classification\src\wandb\run-20260226_162359-867eydw2\logs\debug.log
2026-02-26 16:23:59,296 INFO    Thread-42 (_run_job):22356 [wandb_init.py:setup_run_log_directory():718] Logging internal logs to C:\Users\Ganga Sharan\OneDrive\Desktop\dl_project\Multi-Layer-Perceptron-for-Image-Classification\src\wandb\run-20260226_162359-867eydw2\logs\debug-internal.log
2026-02-26 16:23:59,296 INFO    Thread-42 (_run_job):22356 [wandb_init.py:init():844] calling init triggers
2026-02-26 16:23:59,296 INFO    Thread-42 (_run_job):22356 [wandb_init.py:init():849] wandb.init called with sweep_config: {'activation_function': 'tanh', 'batch_size': 64, 'dataset': 'mnist', 'epochs': 5, 'initialization_method': 'he', 'learning_rate': 0.003, 'num_hidden_layers': 6, 'num_neurons': '256', 'optimizer': 'adam', 'random_seed': 123, 'val_ratio': 0.1, 'weight_decay': 0}
config: {'_wandb': {}}
2026-02-26 16:23:59,296 INFO    Thread-42 (_run_job):22356 [wandb_init.py:init():892] starting backend
2026-02-26 16:24:02,657 INFO    Thread-42 (_run_job):22356 [wandb_init.py:init():895] sending inform_init request
2026-02-26 16:24:02,660 INFO    Thread-42 (_run_job):22356 [wandb_init.py:init():903] backend started and connected
2026-02-26 16:24:02,660 INFO    Thread-42 (_run_job):22356 [wandb_run.py:_config_callback():1403] config_cb None None {'activation_function': 'tanh', 'batch_size': 64, 'dataset': 'mnist', 'epochs': 5, 'initialization_method': 'he', 'learning_rate': 0.003, 'num_hidden_layers': 6, 'num_neurons': '256', 'optimizer': 'adam', 'random_seed': 123, 'val_ratio': 0.1, 'weight_decay': 0}
2026-02-26 16:24:02,661 INFO    Thread-42 (_run_job):22356 [wandb_init.py:init():973] updated telemetry
2026-02-26 16:24:02,712 INFO    Thread-42 (_run_job):22356 [wandb_init.py:init():997] communicating run to backend with 90.0 second timeout
2026-02-26 16:24:03,570 INFO    Thread-42 (_run_job):22356 [wandb_init.py:init():1042] starting run threads in backend
2026-02-26 16:24:03,675 INFO    Thread-42 (_run_job):22356 [wandb_run.py:_console_start():2524] atexit reg
2026-02-26 16:24:03,675 INFO    Thread-42 (_run_job):22356 [wandb_run.py:_redirect():2373] redirect: wrap_raw
2026-02-26 16:24:03,676 INFO    Thread-42 (_run_job):22356 [wandb_run.py:_redirect():2442] Wrapping output streams.
2026-02-26 16:24:03,676 INFO    Thread-42 (_run_job):22356 [wandb_run.py:_redirect():2465] Redirects installed.
2026-02-26 16:24:03,678 INFO    Thread-42 (_run_job):22356 [wandb_init.py:init():1082] run started, returning control to user process
2026-02-26 16:24:03,685 INFO    Thread-42 (_run_job):22356 [wandb_run.py:_config_callback():1403] config_cb None None {}
2026-02-26 16:24:04,379 INFO    Thread-42 (_run_job):22356 [wandb_run.py:_config_callback():1403] config_cb None None {'input_dim': 784, 'output_dim': 10, 'num_neurons_resolved': '256'}
2026-02-26 16:26:28,453 INFO    Thread-42 (_run_job):22356 [wandb_run.py:_finish():2291] finishing run ma24m018-iit-ma/mnist-ann/867eydw2
2026-02-26 16:26:28,453 INFO    Thread-42 (_run_job):22356 [wandb_run.py:_atexit_cleanup():2490] got exitcode: 0
2026-02-26 16:26:28,454 INFO    Thread-42 (_run_job):22356 [wandb_run.py:_restore():2472] restore
2026-02-26 16:26:28,454 INFO    Thread-42 (_run_job):22356 [wandb_run.py:_restore():2478] restore done
2026-02-26 16:26:31,188 INFO    Thread-42 (_run_job):22356 [wandb_run.py:_footer_sync_info():3868] logging synced files
