[34m[1mwandb[0m: [33mWARNING[0m Config item 'dataset' was locked by 'sweep' (ignored update).
[34m[1mwandb[0m: [33mWARNING[0m Config item 'num_hidden_layers' was locked by 'sweep' (ignored update).
[34m[1mwandb[0m: [33mWARNING[0m Config item 'num_neurons' was locked by 'sweep' (ignored update).
[34m[1mwandb[0m: [33mWARNING[0m Config item 'initialization_method' was locked by 'sweep' (ignored update).
[34m[1mwandb[0m: [33mWARNING[0m Config item 'activation_function' was locked by 'sweep' (ignored update).
[34m[1mwandb[0m: [33mWARNING[0m Config item 'optimizer' was locked by 'sweep' (ignored update).
[34m[1mwandb[0m: [33mWARNING[0m Config item 'learning_rate' was locked by 'sweep' (ignored update).
[34m[1mwandb[0m: [33mWARNING[0m Config item 'epochs' was locked by 'sweep' (ignored update).
[34m[1mwandb[0m: [33mWARNING[0m Config item 'batch_size' was locked by 'sweep' (ignored update).
[34m[1mwandb[0m: [33mWARNING[0m Config item 'weight_decay' was locked by 'sweep' (ignored update).
[34m[1mwandb[0m: [33mWARNING[0m Config item 'val_ratio' was locked by 'sweep' (ignored update).
[34m[1mwandb[0m: [33mWARNING[0m Config item 'random_seed' was locked by 'sweep' (ignored update).
Epoch 001/10 | train_loss=0.2310 train_acc=0.9341 | val_loss=0.2434 val_acc=0.9258
Epoch 002/10 | train_loss=0.1606 train_acc=0.9520 | val_loss=0.1765 val_acc=0.9458
Epoch 003/10 | train_loss=0.1092 train_acc=0.9688 | val_loss=0.1385 val_acc=0.9590
Epoch 004/10 | train_loss=0.0843 train_acc=0.9757 | val_loss=0.1189 val_acc=0.9668
Epoch 005/10 | train_loss=0.0708 train_acc=0.9785 | val_loss=0.1122 val_acc=0.9662
Epoch 006/10 | train_loss=0.0759 train_acc=0.9759 | val_loss=0.1290 val_acc=0.9620
Epoch 007/10 | train_loss=0.0470 train_acc=0.9862 | val_loss=0.1043 val_acc=0.9710
Epoch 008/10 | train_loss=0.0469 train_acc=0.9858 | val_loss=0.1066 val_acc=0.9688
Epoch 009/10 | train_loss=0.0337 train_acc=0.9897 | val_loss=0.0916 val_acc=0.9748
Epoch 010/10 | train_loss=0.0354 train_acc=0.9892 | val_loss=0.1042 val_acc=0.9728
Test loss: 0.0973
Test accuracy: 0.9741
