[34m[1mwandb[0m: [33mWARNING[0m Config item 'dataset' was locked by 'sweep' (ignored update).
[34m[1mwandb[0m: [33mWARNING[0m Config item 'num_hidden_layers' was locked by 'sweep' (ignored update).
[34m[1mwandb[0m: [33mWARNING[0m Config item 'num_neurons' was locked by 'sweep' (ignored update).
[34m[1mwandb[0m: [33mWARNING[0m Config item 'initialization_method' was locked by 'sweep' (ignored update).
[34m[1mwandb[0m: [33mWARNING[0m Config item 'activation_function' was locked by 'sweep' (ignored update).
[34m[1mwandb[0m: [33mWARNING[0m Config item 'optimizer' was locked by 'sweep' (ignored update).
[34m[1mwandb[0m: [33mWARNING[0m Config item 'learning_rate' was locked by 'sweep' (ignored update).
[34m[1mwandb[0m: [33mWARNING[0m Config item 'epochs' was locked by 'sweep' (ignored update).
[34m[1mwandb[0m: [33mWARNING[0m Config item 'batch_size' was locked by 'sweep' (ignored update).
[34m[1mwandb[0m: [33mWARNING[0m Config item 'weight_decay' was locked by 'sweep' (ignored update).
[34m[1mwandb[0m: [33mWARNING[0m Config item 'val_ratio' was locked by 'sweep' (ignored update).
[34m[1mwandb[0m: [33mWARNING[0m Config item 'random_seed' was locked by 'sweep' (ignored update).
Epoch 001/15 | train_loss=2.3012 train_acc=0.1118 | val_loss=2.3012 val_acc=0.1175
Epoch 002/15 | train_loss=2.3013 train_acc=0.1118 | val_loss=2.3010 val_acc=0.1175
Epoch 003/15 | train_loss=2.3013 train_acc=0.1118 | val_loss=2.3012 val_acc=0.1175
Epoch 004/15 | train_loss=2.3013 train_acc=0.1118 | val_loss=2.3012 val_acc=0.1175
Epoch 005/15 | train_loss=2.3012 train_acc=0.1118 | val_loss=2.3011 val_acc=0.1175
Epoch 006/15 | train_loss=2.3013 train_acc=0.1118 | val_loss=2.3015 val_acc=0.1175
Epoch 007/15 | train_loss=2.3013 train_acc=0.1118 | val_loss=2.3013 val_acc=0.1175
Epoch 008/15 | train_loss=2.3013 train_acc=0.1118 | val_loss=2.3015 val_acc=0.1175
Epoch 009/15 | train_loss=2.3013 train_acc=0.1118 | val_loss=2.3010 val_acc=0.1175
Epoch 010/15 | train_loss=2.3013 train_acc=0.1118 | val_loss=2.3012 val_acc=0.1175
Epoch 011/15 | train_loss=2.3013 train_acc=0.1118 | val_loss=2.3009 val_acc=0.1175
Epoch 012/15 | train_loss=2.3014 train_acc=0.1118 | val_loss=2.3010 val_acc=0.1175
Epoch 013/15 | train_loss=2.3012 train_acc=0.1118 | val_loss=2.3010 val_acc=0.1175
Epoch 014/15 | train_loss=2.3012 train_acc=0.1118 | val_loss=2.3011 val_acc=0.1175
Epoch 015/15 | train_loss=2.3012 train_acc=0.1118 | val_loss=2.3012 val_acc=0.1175
Test loss: 2.3011
Test accuracy: 0.1135
