2026-02-26 15:22:19,129 INFO    Thread-22 (_run_job):17972 [wandb_setup.py:_flush():81] Current SDK version is 0.25.0
2026-02-26 15:22:19,129 INFO    Thread-22 (_run_job):17972 [wandb_setup.py:_flush():81] Configure stats pid to 17972
2026-02-26 15:22:19,129 INFO    Thread-22 (_run_job):17972 [wandb_setup.py:_flush():81] Loading settings from environment variables
2026-02-26 15:22:19,129 INFO    Thread-22 (_run_job):17972 [wandb_init.py:setup_run_log_directory():717] Logging user logs to C:\Users\Ganga Sharan\OneDrive\Desktop\dl_project\Multi-Layer-Perceptron-for-Image-Classification\src\wandb\run-20260226_152219-k4nbujti\logs\debug.log
2026-02-26 15:22:19,130 INFO    Thread-22 (_run_job):17972 [wandb_init.py:setup_run_log_directory():718] Logging internal logs to C:\Users\Ganga Sharan\OneDrive\Desktop\dl_project\Multi-Layer-Perceptron-for-Image-Classification\src\wandb\run-20260226_152219-k4nbujti\logs\debug-internal.log
2026-02-26 15:22:19,131 INFO    Thread-22 (_run_job):17972 [wandb_init.py:init():844] calling init triggers
2026-02-26 15:22:19,131 INFO    Thread-22 (_run_job):17972 [wandb_init.py:init():849] wandb.init called with sweep_config: {'activation_function': 'tanh', 'batch_size': 64, 'dataset': 'mnist', 'epochs': 15, 'initialization_method': 'he', 'learning_rate': 0.003, 'num_hidden_layers': 6, 'num_neurons': '256,128,64', 'optimizer': 'rmsprop', 'random_seed': 42, 'val_ratio': 0.1, 'weight_decay': 0.001}
config: {'_wandb': {}}
2026-02-26 15:22:19,131 INFO    Thread-22 (_run_job):17972 [wandb_init.py:init():892] starting backend
2026-02-26 15:22:23,607 INFO    Thread-22 (_run_job):17972 [wandb_init.py:init():895] sending inform_init request
2026-02-26 15:22:23,614 INFO    Thread-22 (_run_job):17972 [wandb_init.py:init():903] backend started and connected
2026-02-26 15:22:23,616 INFO    Thread-22 (_run_job):17972 [wandb_run.py:_config_callback():1403] config_cb None None {'activation_function': 'tanh', 'batch_size': 64, 'dataset': 'mnist', 'epochs': 15, 'initialization_method': 'he', 'learning_rate': 0.003, 'num_hidden_layers': 6, 'num_neurons': '256,128,64', 'optimizer': 'rmsprop', 'random_seed': 42, 'val_ratio': 0.1, 'weight_decay': 0.001}
2026-02-26 15:22:23,620 INFO    Thread-22 (_run_job):17972 [wandb_init.py:init():973] updated telemetry
2026-02-26 15:22:23,684 INFO    Thread-22 (_run_job):17972 [wandb_init.py:init():997] communicating run to backend with 90.0 second timeout
2026-02-26 15:22:24,931 INFO    Thread-22 (_run_job):17972 [wandb_init.py:init():1042] starting run threads in backend
2026-02-26 15:22:25,028 INFO    Thread-22 (_run_job):17972 [wandb_run.py:_console_start():2524] atexit reg
2026-02-26 15:22:25,028 INFO    Thread-22 (_run_job):17972 [wandb_run.py:_redirect():2373] redirect: wrap_raw
2026-02-26 15:22:25,028 INFO    Thread-22 (_run_job):17972 [wandb_run.py:_redirect():2442] Wrapping output streams.
2026-02-26 15:22:25,029 INFO    Thread-22 (_run_job):17972 [wandb_run.py:_redirect():2465] Redirects installed.
2026-02-26 15:22:25,030 INFO    Thread-22 (_run_job):17972 [wandb_init.py:init():1082] run started, returning control to user process
2026-02-26 15:22:25,035 INFO    Thread-22 (_run_job):17972 [wandb_run.py:_config_callback():1403] config_cb None None {}
2026-02-26 15:22:25,598 INFO    Thread-22 (_run_job):17972 [wandb_run.py:_finish():2291] finishing run ma24m018-iit-ma/mnist-ann/k4nbujti
2026-02-26 15:22:25,598 INFO    Thread-22 (_run_job):17972 [wandb_run.py:_atexit_cleanup():2490] got exitcode: 1
2026-02-26 15:22:25,599 INFO    Thread-22 (_run_job):17972 [wandb_run.py:_restore():2472] restore
2026-02-26 15:22:25,599 INFO    Thread-22 (_run_job):17972 [wandb_run.py:_restore():2478] restore done
2026-02-26 15:22:27,784 INFO    Thread-22 (_run_job):17972 [wandb_run.py:_footer_sync_info():3868] logging synced files
