[34m[1mwandb[0m: [33mWARNING[0m Config item 'dataset' was locked by 'sweep' (ignored update).
[34m[1mwandb[0m: [33mWARNING[0m Config item 'num_hidden_layers' was locked by 'sweep' (ignored update).
[34m[1mwandb[0m: [33mWARNING[0m Config item 'num_neurons' was locked by 'sweep' (ignored update).
[34m[1mwandb[0m: [33mWARNING[0m Config item 'initialization_method' was locked by 'sweep' (ignored update).
[34m[1mwandb[0m: [33mWARNING[0m Config item 'activation_function' was locked by 'sweep' (ignored update).
[34m[1mwandb[0m: [33mWARNING[0m Config item 'optimizer' was locked by 'sweep' (ignored update).
[34m[1mwandb[0m: [33mWARNING[0m Config item 'learning_rate' was locked by 'sweep' (ignored update).
[34m[1mwandb[0m: [33mWARNING[0m Config item 'epochs' was locked by 'sweep' (ignored update).
[34m[1mwandb[0m: [33mWARNING[0m Config item 'batch_size' was locked by 'sweep' (ignored update).
[34m[1mwandb[0m: [33mWARNING[0m Config item 'weight_decay' was locked by 'sweep' (ignored update).
[34m[1mwandb[0m: [33mWARNING[0m Config item 'val_ratio' was locked by 'sweep' (ignored update).
[34m[1mwandb[0m: [33mWARNING[0m Config item 'random_seed' was locked by 'sweep' (ignored update).
Epoch 001/15 | train_loss=2.3035 train_acc=0.1130 | val_loss=2.3056 val_acc=0.1068
Epoch 002/15 | train_loss=2.3037 train_acc=0.1130 | val_loss=2.3047 val_acc=0.1068
Epoch 003/15 | train_loss=2.3032 train_acc=0.1130 | val_loss=2.3044 val_acc=0.1068
Epoch 004/15 | train_loss=2.3041 train_acc=0.0987 | val_loss=2.3044 val_acc=0.0988
Epoch 005/15 | train_loss=2.3033 train_acc=0.0987 | val_loss=2.3042 val_acc=0.0988
Epoch 006/15 | train_loss=2.3032 train_acc=0.1130 | val_loss=2.3043 val_acc=0.1068
Epoch 007/15 | train_loss=2.3045 train_acc=0.1130 | val_loss=2.3053 val_acc=0.1068
Epoch 008/15 | train_loss=2.3043 train_acc=0.1021 | val_loss=2.3031 val_acc=0.1028
Epoch 009/15 | train_loss=2.3033 train_acc=0.1002 | val_loss=2.3043 val_acc=0.0915
Epoch 010/15 | train_loss=2.3052 train_acc=0.0992 | val_loss=2.3064 val_acc=0.0987
Epoch 011/15 | train_loss=2.3043 train_acc=0.0992 | val_loss=2.3043 val_acc=0.0987
Epoch 012/15 | train_loss=2.3025 train_acc=0.1130 | val_loss=2.3044 val_acc=0.1068
Epoch 013/15 | train_loss=2.3053 train_acc=0.1032 | val_loss=2.3039 val_acc=0.1153
Epoch 014/15 | train_loss=2.3041 train_acc=0.0992 | val_loss=2.3049 val_acc=0.0987
Epoch 015/15 | train_loss=2.3062 train_acc=0.0979 | val_loss=2.3080 val_acc=0.0945
Test loss: 2.3056
Test accuracy: 0.0974
