[34m[1mwandb[0m: [33mWARNING[0m Config item 'dataset' was locked by 'sweep' (ignored update).
[34m[1mwandb[0m: [33mWARNING[0m Config item 'num_hidden_layers' was locked by 'sweep' (ignored update).
[34m[1mwandb[0m: [33mWARNING[0m Config item 'num_neurons' was locked by 'sweep' (ignored update).
[34m[1mwandb[0m: [33mWARNING[0m Config item 'initialization_method' was locked by 'sweep' (ignored update).
[34m[1mwandb[0m: [33mWARNING[0m Config item 'activation_function' was locked by 'sweep' (ignored update).
[34m[1mwandb[0m: [33mWARNING[0m Config item 'optimizer' was locked by 'sweep' (ignored update).
[34m[1mwandb[0m: [33mWARNING[0m Config item 'learning_rate' was locked by 'sweep' (ignored update).
[34m[1mwandb[0m: [33mWARNING[0m Config item 'epochs' was locked by 'sweep' (ignored update).
[34m[1mwandb[0m: [33mWARNING[0m Config item 'batch_size' was locked by 'sweep' (ignored update).
[34m[1mwandb[0m: [33mWARNING[0m Config item 'weight_decay' was locked by 'sweep' (ignored update).
[34m[1mwandb[0m: [33mWARNING[0m Config item 'val_ratio' was locked by 'sweep' (ignored update).
[34m[1mwandb[0m: [33mWARNING[0m Config item 'random_seed' was locked by 'sweep' (ignored update).
Epoch 001/15 | train_loss=0.1897 train_acc=0.9420 | val_loss=0.2076 val_acc=0.9352
Epoch 002/15 | train_loss=0.1266 train_acc=0.9627 | val_loss=0.1528 val_acc=0.9563
Epoch 003/15 | train_loss=0.0757 train_acc=0.9770 | val_loss=0.1060 val_acc=0.9670
Epoch 004/15 | train_loss=0.0604 train_acc=0.9812 | val_loss=0.0988 val_acc=0.9717
Epoch 005/15 | train_loss=0.0628 train_acc=0.9809 | val_loss=0.1252 val_acc=0.9640
Epoch 006/15 | train_loss=0.0407 train_acc=0.9871 | val_loss=0.1022 val_acc=0.9723
Epoch 007/15 | train_loss=0.0322 train_acc=0.9895 | val_loss=0.0919 val_acc=0.9738
Epoch 008/15 | train_loss=0.0284 train_acc=0.9908 | val_loss=0.0968 val_acc=0.9738
Epoch 009/15 | train_loss=0.0259 train_acc=0.9921 | val_loss=0.0938 val_acc=0.9768
Epoch 010/15 | train_loss=0.0210 train_acc=0.9934 | val_loss=0.0973 val_acc=0.9767
Epoch 011/15 | train_loss=0.0154 train_acc=0.9949 | val_loss=0.0975 val_acc=0.9777
Epoch 012/15 | train_loss=0.0138 train_acc=0.9954 | val_loss=0.1060 val_acc=0.9752
Epoch 013/15 | train_loss=0.0185 train_acc=0.9943 | val_loss=0.1197 val_acc=0.9720
Epoch 014/15 | train_loss=0.0212 train_acc=0.9933 | val_loss=0.1010 val_acc=0.9765
Epoch 015/15 | train_loss=0.0114 train_acc=0.9965 | val_loss=0.1112 val_acc=0.9772
Test loss: 0.1066
Test accuracy: 0.9765
