2026-02-26 16:26:33,612 INFO    Thread-47 (_run_job):22356 [wandb_setup.py:_flush():81] Current SDK version is 0.25.0
2026-02-26 16:26:33,613 INFO    Thread-47 (_run_job):22356 [wandb_setup.py:_flush():81] Configure stats pid to 22356
2026-02-26 16:26:33,613 INFO    Thread-47 (_run_job):22356 [wandb_setup.py:_flush():81] Loading settings from environment variables
2026-02-26 16:26:33,613 INFO    Thread-47 (_run_job):22356 [wandb_init.py:setup_run_log_directory():717] Logging user logs to C:\Users\Ganga Sharan\OneDrive\Desktop\dl_project\Multi-Layer-Perceptron-for-Image-Classification\src\wandb\run-20260226_162633-6j0m3z6i\logs\debug.log
2026-02-26 16:26:33,613 INFO    Thread-47 (_run_job):22356 [wandb_init.py:setup_run_log_directory():718] Logging internal logs to C:\Users\Ganga Sharan\OneDrive\Desktop\dl_project\Multi-Layer-Perceptron-for-Image-Classification\src\wandb\run-20260226_162633-6j0m3z6i\logs\debug-internal.log
2026-02-26 16:26:33,613 INFO    Thread-47 (_run_job):22356 [wandb_init.py:init():844] calling init triggers
2026-02-26 16:26:33,614 INFO    Thread-47 (_run_job):22356 [wandb_init.py:init():849] wandb.init called with sweep_config: {'activation_function': 'tanh', 'batch_size': 128, 'dataset': 'mnist', 'epochs': 15, 'initialization_method': 'he', 'learning_rate': 0.001, 'num_hidden_layers': 3, 'num_neurons': '128', 'optimizer': 'momentum', 'random_seed': 123, 'val_ratio': 0.1, 'weight_decay': 0.0005}
config: {'_wandb': {}}
2026-02-26 16:26:33,614 INFO    Thread-47 (_run_job):22356 [wandb_init.py:init():892] starting backend
2026-02-26 16:26:36,982 INFO    Thread-47 (_run_job):22356 [wandb_init.py:init():895] sending inform_init request
2026-02-26 16:26:36,984 INFO    Thread-47 (_run_job):22356 [wandb_init.py:init():903] backend started and connected
2026-02-26 16:26:36,985 INFO    Thread-47 (_run_job):22356 [wandb_run.py:_config_callback():1403] config_cb None None {'activation_function': 'tanh', 'batch_size': 128, 'dataset': 'mnist', 'epochs': 15, 'initialization_method': 'he', 'learning_rate': 0.001, 'num_hidden_layers': 3, 'num_neurons': '128', 'optimizer': 'momentum', 'random_seed': 123, 'val_ratio': 0.1, 'weight_decay': 0.0005}
2026-02-26 16:26:36,987 INFO    Thread-47 (_run_job):22356 [wandb_init.py:init():973] updated telemetry
2026-02-26 16:26:37,036 INFO    Thread-47 (_run_job):22356 [wandb_init.py:init():997] communicating run to backend with 90.0 second timeout
2026-02-26 16:26:38,180 INFO    Thread-47 (_run_job):22356 [wandb_init.py:init():1042] starting run threads in backend
2026-02-26 16:26:38,286 INFO    Thread-47 (_run_job):22356 [wandb_run.py:_console_start():2524] atexit reg
2026-02-26 16:26:38,287 INFO    Thread-47 (_run_job):22356 [wandb_run.py:_redirect():2373] redirect: wrap_raw
2026-02-26 16:26:38,287 INFO    Thread-47 (_run_job):22356 [wandb_run.py:_redirect():2442] Wrapping output streams.
2026-02-26 16:26:38,287 INFO    Thread-47 (_run_job):22356 [wandb_run.py:_redirect():2465] Redirects installed.
2026-02-26 16:26:38,288 INFO    Thread-47 (_run_job):22356 [wandb_init.py:init():1082] run started, returning control to user process
2026-02-26 16:26:38,295 INFO    Thread-47 (_run_job):22356 [wandb_run.py:_config_callback():1403] config_cb None None {}
2026-02-26 16:26:38,953 INFO    Thread-47 (_run_job):22356 [wandb_run.py:_config_callback():1403] config_cb None None {'input_dim': 784, 'output_dim': 10, 'num_neurons_resolved': '128'}
2026-02-26 16:27:34,406 INFO    Thread-47 (_run_job):22356 [wandb_run.py:_finish():2291] finishing run ma24m018-iit-ma/mnist-ann/6j0m3z6i
2026-02-26 16:27:34,407 INFO    Thread-47 (_run_job):22356 [wandb_run.py:_atexit_cleanup():2490] got exitcode: 0
2026-02-26 16:27:34,408 INFO    Thread-47 (_run_job):22356 [wandb_run.py:_restore():2472] restore
2026-02-26 16:27:34,408 INFO    Thread-47 (_run_job):22356 [wandb_run.py:_restore():2478] restore done
2026-02-26 16:27:36,265 INFO    Thread-47 (_run_job):22356 [wandb_run.py:_footer_sync_info():3868] logging synced files
