2026-02-26 15:20:24,799 INFO    Thread-8 (_run_job):17972 [wandb_setup.py:_flush():81] Current SDK version is 0.25.0
2026-02-26 15:20:24,799 INFO    Thread-8 (_run_job):17972 [wandb_setup.py:_flush():81] Configure stats pid to 17972
2026-02-26 15:20:24,799 INFO    Thread-8 (_run_job):17972 [wandb_setup.py:_flush():81] Loading settings from environment variables
2026-02-26 15:20:24,800 INFO    Thread-8 (_run_job):17972 [wandb_init.py:setup_run_log_directory():717] Logging user logs to C:\Users\Ganga Sharan\OneDrive\Desktop\dl_project\Multi-Layer-Perceptron-for-Image-Classification\src\wandb\run-20260226_152024-egfn0opq\logs\debug.log
2026-02-26 15:20:24,800 INFO    Thread-8 (_run_job):17972 [wandb_init.py:setup_run_log_directory():718] Logging internal logs to C:\Users\Ganga Sharan\OneDrive\Desktop\dl_project\Multi-Layer-Perceptron-for-Image-Classification\src\wandb\run-20260226_152024-egfn0opq\logs\debug-internal.log
2026-02-26 15:20:24,800 INFO    Thread-8 (_run_job):17972 [wandb_init.py:init():844] calling init triggers
2026-02-26 15:20:24,800 INFO    Thread-8 (_run_job):17972 [wandb_init.py:init():849] wandb.init called with sweep_config: {'activation_function': 'relu', 'batch_size': 128, 'dataset': 'mnist', 'epochs': 10, 'initialization_method': 'xavier', 'learning_rate': 0.003, 'num_hidden_layers': 5, 'num_neurons': '128,64', 'optimizer': 'rmsprop', 'random_seed': 7, 'val_ratio': 0.1, 'weight_decay': 0.0005}
config: {'_wandb': {}}
2026-02-26 15:20:24,801 INFO    Thread-8 (_run_job):17972 [wandb_init.py:init():892] starting backend
2026-02-26 15:20:29,479 INFO    Thread-8 (_run_job):17972 [wandb_init.py:init():895] sending inform_init request
2026-02-26 15:20:29,555 INFO    Thread-8 (_run_job):17972 [wandb_init.py:init():903] backend started and connected
2026-02-26 15:20:29,557 INFO    Thread-8 (_run_job):17972 [wandb_run.py:_config_callback():1403] config_cb None None {'activation_function': 'relu', 'batch_size': 128, 'dataset': 'mnist', 'epochs': 10, 'initialization_method': 'xavier', 'learning_rate': 0.003, 'num_hidden_layers': 5, 'num_neurons': '128,64', 'optimizer': 'rmsprop', 'random_seed': 7, 'val_ratio': 0.1, 'weight_decay': 0.0005}
2026-02-26 15:20:29,559 INFO    Thread-8 (_run_job):17972 [wandb_init.py:init():973] updated telemetry
2026-02-26 15:20:29,627 INFO    Thread-8 (_run_job):17972 [wandb_init.py:init():997] communicating run to backend with 90.0 second timeout
2026-02-26 15:20:30,809 INFO    Thread-8 (_run_job):17972 [wandb_init.py:init():1042] starting run threads in backend
2026-02-26 15:20:30,941 INFO    Thread-8 (_run_job):17972 [wandb_run.py:_console_start():2524] atexit reg
2026-02-26 15:20:30,941 INFO    Thread-8 (_run_job):17972 [wandb_run.py:_redirect():2373] redirect: wrap_raw
2026-02-26 15:20:30,942 INFO    Thread-8 (_run_job):17972 [wandb_run.py:_redirect():2442] Wrapping output streams.
2026-02-26 15:20:30,942 INFO    Thread-8 (_run_job):17972 [wandb_run.py:_redirect():2465] Redirects installed.
2026-02-26 15:20:30,946 INFO    Thread-8 (_run_job):17972 [wandb_init.py:init():1082] run started, returning control to user process
2026-02-26 15:20:30,957 INFO    Thread-8 (_run_job):17972 [wandb_run.py:_config_callback():1403] config_cb None None {}
2026-02-26 15:20:31,801 INFO    Thread-8 (_run_job):17972 [wandb_run.py:_finish():2291] finishing run ma24m018-iit-ma/mnist-ann/egfn0opq
2026-02-26 15:20:31,803 INFO    Thread-8 (_run_job):17972 [wandb_run.py:_atexit_cleanup():2490] got exitcode: 1
2026-02-26 15:20:31,804 INFO    Thread-8 (_run_job):17972 [wandb_run.py:_restore():2472] restore
2026-02-26 15:20:31,805 INFO    Thread-8 (_run_job):17972 [wandb_run.py:_restore():2478] restore done
2026-02-26 15:20:33,926 INFO    Thread-8 (_run_job):17972 [wandb_run.py:_footer_sync_info():3868] logging synced files
