2026-02-26 16:51:22,905 INFO    Thread-67 (_run_job):22356 [wandb_setup.py:_flush():81] Current SDK version is 0.25.0
2026-02-26 16:51:22,905 INFO    Thread-67 (_run_job):22356 [wandb_setup.py:_flush():81] Configure stats pid to 22356
2026-02-26 16:51:22,905 INFO    Thread-67 (_run_job):22356 [wandb_setup.py:_flush():81] Loading settings from environment variables
2026-02-26 16:51:22,905 INFO    Thread-67 (_run_job):22356 [wandb_init.py:setup_run_log_directory():717] Logging user logs to C:\Users\Ganga Sharan\OneDrive\Desktop\dl_project\Multi-Layer-Perceptron-for-Image-Classification\src\wandb\run-20260226_165122-7jnmje2o\logs\debug.log
2026-02-26 16:51:22,906 INFO    Thread-67 (_run_job):22356 [wandb_init.py:setup_run_log_directory():718] Logging internal logs to C:\Users\Ganga Sharan\OneDrive\Desktop\dl_project\Multi-Layer-Perceptron-for-Image-Classification\src\wandb\run-20260226_165122-7jnmje2o\logs\debug-internal.log
2026-02-26 16:51:22,906 INFO    Thread-67 (_run_job):22356 [wandb_init.py:init():844] calling init triggers
2026-02-26 16:51:22,906 INFO    Thread-67 (_run_job):22356 [wandb_init.py:init():849] wandb.init called with sweep_config: {'activation_function': 'sigmoid', 'batch_size': 32, 'dataset': 'mnist', 'epochs': 10, 'initialization_method': 'he', 'learning_rate': 0.0005, 'num_hidden_layers': 4, 'num_neurons': '128', 'optimizer': 'rmsprop', 'random_seed': 42, 'val_ratio': 0.1, 'weight_decay': 0}
config: {'_wandb': {}}
2026-02-26 16:51:22,906 INFO    Thread-67 (_run_job):22356 [wandb_init.py:init():892] starting backend
2026-02-26 16:51:26,476 INFO    Thread-67 (_run_job):22356 [wandb_init.py:init():895] sending inform_init request
2026-02-26 16:51:26,478 INFO    Thread-67 (_run_job):22356 [wandb_init.py:init():903] backend started and connected
2026-02-26 16:51:26,479 INFO    Thread-67 (_run_job):22356 [wandb_run.py:_config_callback():1403] config_cb None None {'activation_function': 'sigmoid', 'batch_size': 32, 'dataset': 'mnist', 'epochs': 10, 'initialization_method': 'he', 'learning_rate': 0.0005, 'num_hidden_layers': 4, 'num_neurons': '128', 'optimizer': 'rmsprop', 'random_seed': 42, 'val_ratio': 0.1, 'weight_decay': 0}
2026-02-26 16:51:26,480 INFO    Thread-67 (_run_job):22356 [wandb_init.py:init():973] updated telemetry
2026-02-26 16:51:26,533 INFO    Thread-67 (_run_job):22356 [wandb_init.py:init():997] communicating run to backend with 90.0 second timeout
2026-02-26 16:51:27,548 INFO    Thread-67 (_run_job):22356 [wandb_init.py:init():1042] starting run threads in backend
2026-02-26 16:51:27,671 INFO    Thread-67 (_run_job):22356 [wandb_run.py:_console_start():2524] atexit reg
2026-02-26 16:51:27,671 INFO    Thread-67 (_run_job):22356 [wandb_run.py:_redirect():2373] redirect: wrap_raw
2026-02-26 16:51:27,671 INFO    Thread-67 (_run_job):22356 [wandb_run.py:_redirect():2442] Wrapping output streams.
2026-02-26 16:51:27,680 INFO    Thread-67 (_run_job):22356 [wandb_run.py:_redirect():2465] Redirects installed.
2026-02-26 16:51:27,682 INFO    Thread-67 (_run_job):22356 [wandb_init.py:init():1082] run started, returning control to user process
2026-02-26 16:51:27,688 INFO    Thread-67 (_run_job):22356 [wandb_run.py:_config_callback():1403] config_cb None None {}
2026-02-26 16:51:28,403 INFO    Thread-67 (_run_job):22356 [wandb_run.py:_config_callback():1403] config_cb None None {'input_dim': 784, 'output_dim': 10, 'num_neurons_resolved': '128'}
2026-02-26 16:53:24,246 INFO    Thread-67 (_run_job):22356 [wandb_run.py:_finish():2291] finishing run ma24m018-iit-ma/mnist-ann/7jnmje2o
2026-02-26 16:53:24,247 INFO    Thread-67 (_run_job):22356 [wandb_run.py:_atexit_cleanup():2490] got exitcode: 0
2026-02-26 16:53:24,248 INFO    Thread-67 (_run_job):22356 [wandb_run.py:_restore():2472] restore
2026-02-26 16:53:24,248 INFO    Thread-67 (_run_job):22356 [wandb_run.py:_restore():2478] restore done
2026-02-26 16:53:25,622 INFO    Thread-67 (_run_job):22356 [wandb_run.py:_footer_sync_info():3868] logging synced files
