2026-02-26 15:22:32,125 INFO    Thread-27 (_run_job):17972 [wandb_setup.py:_flush():81] Current SDK version is 0.25.0
2026-02-26 15:22:32,125 INFO    Thread-27 (_run_job):17972 [wandb_setup.py:_flush():81] Configure stats pid to 17972
2026-02-26 15:22:32,125 INFO    Thread-27 (_run_job):17972 [wandb_setup.py:_flush():81] Loading settings from environment variables
2026-02-26 15:22:32,126 INFO    Thread-27 (_run_job):17972 [wandb_init.py:setup_run_log_directory():717] Logging user logs to C:\Users\Ganga Sharan\OneDrive\Desktop\dl_project\Multi-Layer-Perceptron-for-Image-Classification\src\wandb\run-20260226_152232-o3hne465\logs\debug.log
2026-02-26 15:22:32,126 INFO    Thread-27 (_run_job):17972 [wandb_init.py:setup_run_log_directory():718] Logging internal logs to C:\Users\Ganga Sharan\OneDrive\Desktop\dl_project\Multi-Layer-Perceptron-for-Image-Classification\src\wandb\run-20260226_152232-o3hne465\logs\debug-internal.log
2026-02-26 15:22:32,127 INFO    Thread-27 (_run_job):17972 [wandb_init.py:init():844] calling init triggers
2026-02-26 15:22:32,127 INFO    Thread-27 (_run_job):17972 [wandb_init.py:init():849] wandb.init called with sweep_config: {'activation_function': 'sigmoid', 'batch_size': 128, 'dataset': 'mnist', 'epochs': 5, 'initialization_method': 'normal', 'learning_rate': 0.001, 'num_hidden_layers': 6, 'num_neurons': '256,128,64', 'optimizer': 'rmsprop', 'random_seed': 7, 'val_ratio': 0.1, 'weight_decay': 0}
config: {'_wandb': {}}
2026-02-26 15:22:32,128 INFO    Thread-27 (_run_job):17972 [wandb_init.py:init():892] starting backend
2026-02-26 15:22:36,557 INFO    Thread-27 (_run_job):17972 [wandb_init.py:init():895] sending inform_init request
2026-02-26 15:22:36,565 INFO    Thread-27 (_run_job):17972 [wandb_init.py:init():903] backend started and connected
2026-02-26 15:22:36,566 INFO    Thread-27 (_run_job):17972 [wandb_run.py:_config_callback():1403] config_cb None None {'activation_function': 'sigmoid', 'batch_size': 128, 'dataset': 'mnist', 'epochs': 5, 'initialization_method': 'normal', 'learning_rate': 0.001, 'num_hidden_layers': 6, 'num_neurons': '256,128,64', 'optimizer': 'rmsprop', 'random_seed': 7, 'val_ratio': 0.1, 'weight_decay': 0}
2026-02-26 15:22:36,568 INFO    Thread-27 (_run_job):17972 [wandb_init.py:init():973] updated telemetry
2026-02-26 15:22:36,638 INFO    Thread-27 (_run_job):17972 [wandb_init.py:init():997] communicating run to backend with 90.0 second timeout
2026-02-26 15:22:37,854 INFO    Thread-27 (_run_job):17972 [wandb_init.py:init():1042] starting run threads in backend
2026-02-26 15:22:38,032 INFO    Thread-27 (_run_job):17972 [wandb_run.py:_console_start():2524] atexit reg
2026-02-26 15:22:38,032 INFO    Thread-27 (_run_job):17972 [wandb_run.py:_redirect():2373] redirect: wrap_raw
2026-02-26 15:22:38,032 INFO    Thread-27 (_run_job):17972 [wandb_run.py:_redirect():2442] Wrapping output streams.
2026-02-26 15:22:38,032 INFO    Thread-27 (_run_job):17972 [wandb_run.py:_redirect():2465] Redirects installed.
2026-02-26 15:22:38,039 INFO    Thread-27 (_run_job):17972 [wandb_init.py:init():1082] run started, returning control to user process
2026-02-26 15:22:38,045 INFO    Thread-27 (_run_job):17972 [wandb_run.py:_config_callback():1403] config_cb None None {}
2026-02-26 15:22:38,857 INFO    Thread-27 (_run_job):17972 [wandb_run.py:_finish():2291] finishing run ma24m018-iit-ma/mnist-ann/o3hne465
2026-02-26 15:22:38,858 INFO    Thread-27 (_run_job):17972 [wandb_run.py:_atexit_cleanup():2490] got exitcode: 1
2026-02-26 15:22:38,858 INFO    Thread-27 (_run_job):17972 [wandb_run.py:_restore():2472] restore
2026-02-26 15:22:38,859 INFO    Thread-27 (_run_job):17972 [wandb_run.py:_restore():2478] restore done
2026-02-26 15:22:40,354 INFO    Thread-27 (_run_job):17972 [wandb_run.py:_footer_sync_info():3868] logging synced files
