[34m[1mwandb[0m: [33mWARNING[0m Config item 'dataset' was locked by 'sweep' (ignored update).
[34m[1mwandb[0m: [33mWARNING[0m Config item 'num_hidden_layers' was locked by 'sweep' (ignored update).
[34m[1mwandb[0m: [33mWARNING[0m Config item 'num_neurons' was locked by 'sweep' (ignored update).
[34m[1mwandb[0m: [33mWARNING[0m Config item 'initialization_method' was locked by 'sweep' (ignored update).
[34m[1mwandb[0m: [33mWARNING[0m Config item 'activation_function' was locked by 'sweep' (ignored update).
[34m[1mwandb[0m: [33mWARNING[0m Config item 'optimizer' was locked by 'sweep' (ignored update).
[34m[1mwandb[0m: [33mWARNING[0m Config item 'learning_rate' was locked by 'sweep' (ignored update).
[34m[1mwandb[0m: [33mWARNING[0m Config item 'epochs' was locked by 'sweep' (ignored update).
[34m[1mwandb[0m: [33mWARNING[0m Config item 'batch_size' was locked by 'sweep' (ignored update).
[34m[1mwandb[0m: [33mWARNING[0m Config item 'weight_decay' was locked by 'sweep' (ignored update).
[34m[1mwandb[0m: [33mWARNING[0m Config item 'val_ratio' was locked by 'sweep' (ignored update).
[34m[1mwandb[0m: [33mWARNING[0m Config item 'random_seed' was locked by 'sweep' (ignored update).
Epoch 001/10 | train_loss=0.3281 train_acc=0.9049 | val_loss=0.3504 val_acc=0.8933
Epoch 002/10 | train_loss=0.2232 train_acc=0.9335 | val_loss=0.2472 val_acc=0.9247
Epoch 003/10 | train_loss=0.1889 train_acc=0.9427 | val_loss=0.2216 val_acc=0.9337
Epoch 004/10 | train_loss=0.1472 train_acc=0.9552 | val_loss=0.1759 val_acc=0.9485
Epoch 005/10 | train_loss=0.1278 train_acc=0.9616 | val_loss=0.1585 val_acc=0.9533
Epoch 006/10 | train_loss=0.1071 train_acc=0.9680 | val_loss=0.1389 val_acc=0.9595
Epoch 007/10 | train_loss=0.0964 train_acc=0.9714 | val_loss=0.1317 val_acc=0.9615
Epoch 008/10 | train_loss=0.0841 train_acc=0.9750 | val_loss=0.1253 val_acc=0.9658
Epoch 009/10 | train_loss=0.0788 train_acc=0.9769 | val_loss=0.1193 val_acc=0.9685
Epoch 010/10 | train_loss=0.0725 train_acc=0.9784 | val_loss=0.1189 val_acc=0.9668
Test loss: 0.1172
Test accuracy: 0.9676
