[34m[1mwandb[0m: [33mWARNING[0m Config item 'dataset' was locked by 'sweep' (ignored update).
[34m[1mwandb[0m: [33mWARNING[0m Config item 'num_hidden_layers' was locked by 'sweep' (ignored update).
[34m[1mwandb[0m: [33mWARNING[0m Config item 'num_neurons' was locked by 'sweep' (ignored update).
[34m[1mwandb[0m: [33mWARNING[0m Config item 'initialization_method' was locked by 'sweep' (ignored update).
[34m[1mwandb[0m: [33mWARNING[0m Config item 'activation_function' was locked by 'sweep' (ignored update).
[34m[1mwandb[0m: [33mWARNING[0m Config item 'optimizer' was locked by 'sweep' (ignored update).
[34m[1mwandb[0m: [33mWARNING[0m Config item 'learning_rate' was locked by 'sweep' (ignored update).
[34m[1mwandb[0m: [33mWARNING[0m Config item 'epochs' was locked by 'sweep' (ignored update).
[34m[1mwandb[0m: [33mWARNING[0m Config item 'batch_size' was locked by 'sweep' (ignored update).
[34m[1mwandb[0m: [33mWARNING[0m Config item 'weight_decay' was locked by 'sweep' (ignored update).
[34m[1mwandb[0m: [33mWARNING[0m Config item 'val_ratio' was locked by 'sweep' (ignored update).
[34m[1mwandb[0m: [33mWARNING[0m Config item 'random_seed' was locked by 'sweep' (ignored update).
Epoch 001/10 | train_loss=0.2092 train_acc=0.9433 | val_loss=0.2441 val_acc=0.9333
Epoch 002/10 | train_loss=0.1959 train_acc=0.9508 | val_loss=0.2438 val_acc=0.9377
Epoch 003/10 | train_loss=0.1609 train_acc=0.9567 | val_loss=0.2258 val_acc=0.9455
Epoch 004/10 | train_loss=0.1633 train_acc=0.9563 | val_loss=0.2191 val_acc=0.9465
Epoch 005/10 | train_loss=0.1538 train_acc=0.9614 | val_loss=0.2243 val_acc=0.9475
Epoch 006/10 | train_loss=0.1319 train_acc=0.9669 | val_loss=0.2059 val_acc=0.9527
Epoch 007/10 | train_loss=0.1086 train_acc=0.9722 | val_loss=0.1826 val_acc=0.9548
Epoch 008/10 | train_loss=0.1301 train_acc=0.9687 | val_loss=0.2206 val_acc=0.9537
Epoch 009/10 | train_loss=0.1265 train_acc=0.9713 | val_loss=0.2241 val_acc=0.9513
Epoch 010/10 | train_loss=0.1110 train_acc=0.9726 | val_loss=0.2008 val_acc=0.9567
Test loss: 0.1859
Test accuracy: 0.9596
