[34m[1mwandb[0m: [33mWARNING[0m Config item 'dataset' was locked by 'sweep' (ignored update).
[34m[1mwandb[0m: [33mWARNING[0m Config item 'num_hidden_layers' was locked by 'sweep' (ignored update).
[34m[1mwandb[0m: [33mWARNING[0m Config item 'num_neurons' was locked by 'sweep' (ignored update).
[34m[1mwandb[0m: [33mWARNING[0m Config item 'initialization_method' was locked by 'sweep' (ignored update).
[34m[1mwandb[0m: [33mWARNING[0m Config item 'activation_function' was locked by 'sweep' (ignored update).
[34m[1mwandb[0m: [33mWARNING[0m Config item 'optimizer' was locked by 'sweep' (ignored update).
[34m[1mwandb[0m: [33mWARNING[0m Config item 'learning_rate' was locked by 'sweep' (ignored update).
[34m[1mwandb[0m: [33mWARNING[0m Config item 'epochs' was locked by 'sweep' (ignored update).
[34m[1mwandb[0m: [33mWARNING[0m Config item 'batch_size' was locked by 'sweep' (ignored update).
[34m[1mwandb[0m: [33mWARNING[0m Config item 'weight_decay' was locked by 'sweep' (ignored update).
[34m[1mwandb[0m: [33mWARNING[0m Config item 'val_ratio' was locked by 'sweep' (ignored update).
[34m[1mwandb[0m: [33mWARNING[0m Config item 'random_seed' was locked by 'sweep' (ignored update).
Epoch 001/10 | train_loss=0.1324 train_acc=0.9576 | val_loss=0.1472 val_acc=0.9543
Epoch 002/10 | train_loss=0.0899 train_acc=0.9718 | val_loss=0.1192 val_acc=0.9648
Epoch 003/10 | train_loss=0.0740 train_acc=0.9771 | val_loss=0.1154 val_acc=0.9648
Epoch 004/10 | train_loss=0.0376 train_acc=0.9883 | val_loss=0.0905 val_acc=0.9737
Epoch 005/10 | train_loss=0.0366 train_acc=0.9887 | val_loss=0.0895 val_acc=0.9755
Epoch 006/10 | train_loss=0.0368 train_acc=0.9882 | val_loss=0.0973 val_acc=0.9742
Epoch 007/10 | train_loss=0.0266 train_acc=0.9912 | val_loss=0.0934 val_acc=0.9735
Epoch 008/10 | train_loss=0.0233 train_acc=0.9926 | val_loss=0.0937 val_acc=0.9763
Epoch 009/10 | train_loss=0.0248 train_acc=0.9918 | val_loss=0.1004 val_acc=0.9767
Epoch 010/10 | train_loss=0.0158 train_acc=0.9950 | val_loss=0.0918 val_acc=0.9783
Test loss: 0.0874
Test accuracy: 0.9779
