2026-02-26 17:07:47,061 INFO    Thread-112 (_run_job):22356 [wandb_setup.py:_flush():81] Current SDK version is 0.25.0
2026-02-26 17:07:47,062 INFO    Thread-112 (_run_job):22356 [wandb_setup.py:_flush():81] Configure stats pid to 22356
2026-02-26 17:07:47,062 INFO    Thread-112 (_run_job):22356 [wandb_setup.py:_flush():81] Loading settings from environment variables
2026-02-26 17:07:47,062 INFO    Thread-112 (_run_job):22356 [wandb_init.py:setup_run_log_directory():717] Logging user logs to C:\Users\Ganga Sharan\OneDrive\Desktop\dl_project\Multi-Layer-Perceptron-for-Image-Classification\src\wandb\run-20260226_170747-n3xgbzae\logs\debug.log
2026-02-26 17:07:47,063 INFO    Thread-112 (_run_job):22356 [wandb_init.py:setup_run_log_directory():718] Logging internal logs to C:\Users\Ganga Sharan\OneDrive\Desktop\dl_project\Multi-Layer-Perceptron-for-Image-Classification\src\wandb\run-20260226_170747-n3xgbzae\logs\debug-internal.log
2026-02-26 17:07:47,063 INFO    Thread-112 (_run_job):22356 [wandb_init.py:init():844] calling init triggers
2026-02-26 17:07:47,064 INFO    Thread-112 (_run_job):22356 [wandb_init.py:init():849] wandb.init called with sweep_config: {'activation_function': 'relu', 'batch_size': 64, 'dataset': 'mnist', 'epochs': 5, 'initialization_method': 'he', 'learning_rate': 0.0005, 'num_hidden_layers': 5, 'num_neurons': '512', 'optimizer': 'momentum', 'random_seed': 42, 'val_ratio': 0.1, 'weight_decay': 0.001}
config: {'_wandb': {}}
2026-02-26 17:07:47,064 INFO    Thread-112 (_run_job):22356 [wandb_init.py:init():892] starting backend
2026-02-26 17:07:51,314 INFO    Thread-112 (_run_job):22356 [wandb_init.py:init():895] sending inform_init request
2026-02-26 17:07:51,318 INFO    Thread-112 (_run_job):22356 [wandb_init.py:init():903] backend started and connected
2026-02-26 17:07:51,319 INFO    Thread-112 (_run_job):22356 [wandb_run.py:_config_callback():1403] config_cb None None {'activation_function': 'relu', 'batch_size': 64, 'dataset': 'mnist', 'epochs': 5, 'initialization_method': 'he', 'learning_rate': 0.0005, 'num_hidden_layers': 5, 'num_neurons': '512', 'optimizer': 'momentum', 'random_seed': 42, 'val_ratio': 0.1, 'weight_decay': 0.001}
2026-02-26 17:07:51,322 INFO    Thread-112 (_run_job):22356 [wandb_init.py:init():973] updated telemetry
2026-02-26 17:07:51,374 INFO    Thread-112 (_run_job):22356 [wandb_init.py:init():997] communicating run to backend with 90.0 second timeout
2026-02-26 17:07:52,556 INFO    Thread-112 (_run_job):22356 [wandb_init.py:init():1042] starting run threads in backend
2026-02-26 17:07:52,647 INFO    Thread-112 (_run_job):22356 [wandb_run.py:_console_start():2524] atexit reg
2026-02-26 17:07:52,647 INFO    Thread-112 (_run_job):22356 [wandb_run.py:_redirect():2373] redirect: wrap_raw
2026-02-26 17:07:52,647 INFO    Thread-112 (_run_job):22356 [wandb_run.py:_redirect():2442] Wrapping output streams.
2026-02-26 17:07:52,647 INFO    Thread-112 (_run_job):22356 [wandb_run.py:_redirect():2465] Redirects installed.
2026-02-26 17:07:52,649 INFO    Thread-112 (_run_job):22356 [wandb_init.py:init():1082] run started, returning control to user process
2026-02-26 17:07:52,653 INFO    Thread-112 (_run_job):22356 [wandb_run.py:_config_callback():1403] config_cb None None {}
2026-02-26 17:07:53,210 INFO    Thread-112 (_run_job):22356 [wandb_run.py:_config_callback():1403] config_cb None None {'input_dim': 784, 'output_dim': 10, 'num_neurons_resolved': '512'}
2026-02-26 17:12:17,262 INFO    Thread-112 (_run_job):22356 [wandb_run.py:_finish():2291] finishing run ma24m018-iit-ma/mnist-ann/n3xgbzae
2026-02-26 17:12:17,263 INFO    Thread-112 (_run_job):22356 [wandb_run.py:_atexit_cleanup():2490] got exitcode: 0
2026-02-26 17:12:17,265 INFO    Thread-112 (_run_job):22356 [wandb_run.py:_restore():2472] restore
2026-02-26 17:12:17,265 INFO    Thread-112 (_run_job):22356 [wandb_run.py:_restore():2478] restore done
2026-02-26 17:12:19,247 INFO    Thread-112 (_run_job):22356 [wandb_run.py:_footer_sync_info():3868] logging synced files
